<?xml version="1.0" encoding="UTF-8"?>
<testng-results ignored="0" total="2" passed="2" failed="0" skipped="0">
  <reporter-output>
  </reporter-output>
  <suite started-at="2024-04-22T14:42:37 IST" name="Surefire suite" finished-at="2024-04-22T14:43:14 IST" duration-ms="37337">
    <groups>
    </groups>
    <test started-at="2024-04-22T14:42:37 IST" name="Surefire test" finished-at="2024-04-22T14:43:14 IST" duration-ms="37337">
      <class name="com.example.AppTest">
        <test-method is-config="true" signature="setup()[pri:0, instance:com.example.AppTest@67080771]" started-at="2024-04-22T14:42:37 IST" name="setup" finished-at="2024-04-22T14:42:46 IST" duration-ms="9215" status="PASS">
          <reporter-output>
          </reporter-output>
        </test-method> <!-- setup -->
        <test-method is-config="true" signature="initDriver()[pri:0, instance:com.example.AppTest@67080771]" started-at="2024-04-22T14:42:46 IST" name="initDriver" finished-at="2024-04-22T14:42:46 IST" duration-ms="4" status="PASS">
          <reporter-output>
          </reporter-output>
        </test-method> <!-- initDriver -->
        <test-method signature="register()[pri:1, instance:com.example.AppTest@67080771]" started-at="2024-04-22T14:42:46 IST" name="register" finished-at="2024-04-22T14:43:01 IST" duration-ms="14291" status="PASS">
          <reporter-output>
          </reporter-output>
        </test-method> <!-- register -->
        <test-method signature="login()[pri:2, instance:com.example.AppTest@67080771]" started-at="2024-04-22T14:43:01 IST" name="login" finished-at="2024-04-22T14:43:14 IST" duration-ms="13260" status="PASS">
          <reporter-output>
          </reporter-output>
        </test-method> <!-- login -->
        <test-method is-config="true" signature="initDriver()[pri:0, instance:com.example.AppTest@67080771]" started-at="2024-04-22T14:43:01 IST" name="initDriver" finished-at="2024-04-22T14:43:01 IST" duration-ms="0" status="PASS">
          <reporter-output>
          </reporter-output>
        </test-method> <!-- initDriver -->
        <test-method is-config="true" signature="exitDriver()[pri:0, instance:com.example.AppTest@67080771]" started-at="2024-04-22T14:43:14 IST" name="exitDriver" finished-at="2024-04-22T14:43:14 IST" duration-ms="1" status="PASS">
          <reporter-output>
          </reporter-output>
        </test-method> <!-- exitDriver -->
        <test-method is-config="true" signature="classtest()[pri:0, instance:com.example.AppTest@67080771]" started-at="2024-04-22T14:43:14 IST" name="classtest" finished-at="2024-04-22T14:43:14 IST" duration-ms="0" status="PASS">
          <reporter-output>
          </reporter-output>
        </test-method> <!-- classtest -->
      </class> <!-- com.example.AppTest -->
    </test> <!-- Surefire test -->
  </suite> <!-- Surefire suite -->
</testng-results>
